<?xml version="1.0" encoding="UTF-8"?>
<testsuite name="com.demo.CaptureScreenshot_ActiTIMEPage" tests="1" skipped="0" failures="0" errors="0" timestamp="2020-01-08T11:22:56" hostname="FH400" time="5.791">
  <properties/>
  <testcase name="TakeScreenShotsUsingSelenium" classname="com.demo.CaptureScreenshot_ActiTIMEPage" time="5.791"/>
  <system-out><![CDATA[Wed Jan 08 16:53:01 IST 2020
Wed Jan 08 16_53_01 IST 2020
]]></system-out>
  <system-err><![CDATA[Starting ChromeDriver 79.0.3945.36 (3582db32b33893869b8c1339e8f4d9ed1816f143-refs/branch-heads/3945@{#614}) on port 10618
Only local connections are allowed.
Please protect ports used by ChromeDriver and related test frameworks to prevent access by malicious code.
Jan 08, 2020 4:52:59 PM org.openqa.selenium.remote.ProtocolHandshake createSession
INFO: Detected dialect: W3C
]]></system-err>
</testsuite>
